        -:    0:Source:/home/octav/CLionProjects/SimularePlanete/main.cpp
        -:    0:Graph:/home/octav/CLionProjects/SimularePlanete/cmake-build-debug-coverage/CMakeFiles/SimularePlanete.dir/main.cpp.gcno
        -:    0:Data:/home/octav/CLionProjects/SimularePlanete/cmake-build-debug-coverage/CMakeFiles/SimularePlanete.dir/main.cpp.gcda
        -:    0:Runs:1
        -:    1:#include <QApplication>
        -:    2:#include <QPushButton>
        -:    3:#include "Tests.h"
        -:    4:#include "GUI.h"
        -:    5:
function main called 1 returned 100% blocks executed 58%
        1:    6:int main(int argc, char *argv[]) {
        1:    7:    QApplication a(argc, argv);
        1:    7-block  0
call    0 returned 1
branch  1 taken 1 (fallthrough)
branch  2 taken 0 (throw)
        -:    8:    Tests tests;
        1:    9:    tests.testAll();
        1:    9-block  0
call    0 returned 1
branch  1 taken 1 (fallthrough)
branch  2 taken 0 (throw)
        1:   10:    qDebug() << "All tests passed";
        1:   10-block  0
call    0 returned 1
call    1 returned 1
branch  2 taken 1 (fallthrough)
branch  3 taken 0 (throw)
        1:   10-block  1
call    4 returned 1
branch  5 taken 1 (fallthrough)
branch  6 taken 0 (throw)
        1:   10-block  2
call    7 returned 1
    $$$$$:   10-block  3
call    8 never executed
    $$$$$:   10-block  4
    $$$$$:   10-block  5
        -:   11:
        2:   12:    Repository repository = Repository("date.txt");
call    0 returned 1
call    1 returned 1
branch  2 taken 1 (fallthrough)
branch  3 taken 0 (throw)
        1:   12-block  0
call    4 returned 1
branch  5 taken 1 (fallthrough)
branch  6 taken 0 (throw)
call    7 returned 1
    $$$$$:   12-block  1
    $$$$$:   12-block  2
        1:   13:    Service service = Service(repository);
call    0 returned 1
        1:   14:    GUI gui = GUI(service);
call    0 returned 1
branch  1 taken 1 (fallthrough)
branch  2 taken 0 (throw)
        1:   15:    gui.show();
        1:   15-block  0
call    0 returned 1
branch  1 taken 1 (fallthrough)
branch  2 taken 0 (throw)
        1:   16:    return QApplication::exec();
        1:   16-block  0
call    0 returned 1
branch  1 taken 1 (fallthrough)
branch  2 taken 0 (throw)
        1:   16-block  1
        1:   17:}
        1:   17-block  0
call    0 returned 1
call    1 returned 1
call    2 returned 1
    $$$$$:   17-block  1
call    3 never executed
    $$$$$:   17-block  2
call    4 never executed
    $$$$$:   17-block  3
call    5 never executed
