        -:    0:Source:/home/octav/CLionProjects/SimularePlanete/Planet.cpp
        -:    0:Graph:/home/octav/CLionProjects/SimularePlanete/cmake-build-debug-coverage/CMakeFiles/SimularePlanete.dir/Planet.cpp.gcno
        -:    0:Data:/home/octav/CLionProjects/SimularePlanete/cmake-build-debug-coverage/CMakeFiles/SimularePlanete.dir/Planet.cpp.gcda
        -:    0:Runs:1
        -:    1:
        -:    2:#include "Planet.h"
        -:    3:
function _ZN6PlanetC2EiRKNSt7__cxx1112basic_stringIcSt11char_traitsIcESaIcEEES7_ii called 17 returned 100% blocks executed 67%
       17:    4:Planet::Planet(int code, const string &name, const string &solarSystem, int mass, int diameter) {
       17:    4-block  0
call    0 returned 17
call    1 returned 17
       17:    5:    this->code = code;
       17:    6:    this->name = name;
call    0 returned 17
branch  1 taken 17 (fallthrough)
branch  2 taken 0 (throw)
       17:    7:    this->solarSystem = solarSystem;
       17:    7-block  0
call    0 returned 17
branch  1 taken 17 (fallthrough)
branch  2 taken 0 (throw)
       17:    8:    this->mass = mass;
       17:    9:    this->diameter = diameter;
       17:   10:}
       17:   10-block  0
    $$$$$:   10-block  1
call    0 never executed
    $$$$$:   10-block  2
call    1 never executed
        -:   11:
function _ZNK6Planet7getCodeEv called 84 returned 100% blocks executed 100%
       84:   12:int Planet::getCode() const {
       84:   13:    return this->code;
       84:   13-block  0
        -:   14:}
        -:   15:
function _ZNK6Planet7getMassEv called 160 returned 100% blocks executed 100%
      160:   16:int Planet::getMass() const {
      160:   17:    return this->mass;
      160:   17-block  0
        -:   18:}
        -:   19:
function _ZNK6Planet11getDiameterEv called 82 returned 100% blocks executed 100%
       82:   20:int Planet::getDiameter() const {
       82:   21:    return this->diameter;
       82:   21-block  0
        -:   22:}
        -:   23:
function _ZNK6Planet7getNameB5cxx11Ev called 150 returned 100% blocks executed 100%
      150:   24:string Planet::getName() const {
      150:   25:    return this->name;
      150:   25-block  0
call    0 returned 150
        -:   26:}
        -:   27:
function _ZNK6Planet14getSolarSystemB5cxx11Ev called 62 returned 100% blocks executed 100%
       62:   28:string Planet::getSolarSystem() const {
       62:   29:    return this->solarSystem;
       62:   29-block  0
call    0 returned 62
        -:   30:}
