        -:    0:Source:/home/octav/CLionProjects/SimularePlanete/Planet.h
        -:    0:Graph:/home/octav/CLionProjects/SimularePlanete/cmake-build-debug-coverage/CMakeFiles/SimularePlanete.dir/Tests.cpp.gcno
        -:    0:Data:/home/octav/CLionProjects/SimularePlanete/cmake-build-debug-coverage/CMakeFiles/SimularePlanete.dir/Tests.cpp.gcda
        -:    0:Runs:1
        -:    1:#pragma once
        -:    2:
        -:    3:#include <string>
        -:    4:
        -:    5:using namespace std;
        -:    6:
        -:    7:
        -:    8:class Planet {
        -:    9:private:
        -:   10:    int code, mass, diameter;
        -:   11:    string name, solarSystem;
        -:   12:public:
        -:   13:    //Default constructor
function _ZN6PlanetC2Ev called 1 returned 100% blocks executed 100%
        1:   14:    Planet() = default;
        1:   14-block  0
call    0 returned 1
call    1 returned 1
        -:   15:    //Constructor with parameters
        -:   16:    Planet(int code, const string &name, const string &solarSystem, int mass, int diameter);
        -:   17:
        -:   18:    //Getter for code, returns the integer code of the Planet
        -:   19:    int getCode() const;
        -:   20:    //Getter for mass, returns the integer mass of the Planet
        -:   21:    int getMass() const;
        -:   22:    //Getter for diameter, returns the integer diameter of the Planet
        -:   23:    int getDiameter() const;
        -:   24:    //Getter for name, returns the string name of the Planet
        -:   25:    string getName() const;
        -:   26:    //Getter for solar system, returns the string solar system of the Planet
        -:   27:    string getSolarSystem() const;
        -:   28:};
        -:   29:
